Added Component: Designator=C55(CAPC2012X13L)
Add component (AddParameter): Name = "Manufacturer 1"; Value = ""; VariantName = "[No Variations]"
Add component (AddParameter): Name = "Manufacturer Part Number 1"; Value = ""; VariantName = "[No Variations]"
Add component (AddParameter): Name = "Package"; Value = "0805"; VariantName = "[No Variations]"
Add component (AddParameter): Name = "Value"; Value = "22pF"; VariantName = "[No Variations]"
Added Component: Designator=C56(CAPC2012X13L)
Add component (AddParameter): Name = "Manufacturer 1"; Value = ""; VariantName = "[No Variations]"
Add component (AddParameter): Name = "Manufacturer Part Number 1"; Value = ""; VariantName = "[No Variations]"
Add component (AddParameter): Name = "Package"; Value = "0805"; VariantName = "[No Variations]"
Add component (AddParameter): Name = "Value"; Value = "22pF"; VariantName = "[No Variations]"
Added Component: Designator=X1(HC-49US)
Add component (AddParameter): Name = "ERP"; Value = ""; VariantName = "[No Variations]"
Add component (AddParameter): Name = "Manufacturer 1"; Value = ""; VariantName = "[No Variations]"
Add component (AddParameter): Name = "Manufacturer Part Number 1"; Value = ""; VariantName = "[No Variations]"
Add component (AddParameter): Name = "Package"; Value = "HC-49US"; VariantName = "[No Variations]"
Add component (AddParameter): Name = "Value"; Value = "12MHz"; VariantName = "[No Variations]"
Added Pin To Net: NetName=XIN Pin=C55-1
Added Pin To Net: NetName=GND Pin=C55-2
Added Pin To Net: NetName=XOUT Pin=C56-1
Added Pin To Net: NetName=GND Pin=C56-2
Added Pin To Net: NetName=XIN Pin=X1-1
Added Pin To Net: NetName=XOUT Pin=X1-2
Added Class: Name=C55_Nets
Added Class: Name=C56_Nets
Added Class: Name=X1_Nets
Added Member To Class: ClassName=MCU Member=Component C55 MLCC_0805
Added Member To Class: ClassName=MCU Member=Component C56 MLCC_0805
Added Member To Class: ClassName=MCU Member=Component X1 HC-49US
